Watching for file changes with StatReloader
Not Found: /
Not Found: /favicon.ico
Method Not Allowed: /api/v1/auth/register/
Internal Server Error: /api/v1/auth/register/
Traceback (most recent call last):
  File "C:\Users\pc\Projects\BABYSHOP\OneStep_BabyShop\venv\Lib\site-packages\django\core\handlers\exception.py", line 55, in inner
    response = get_response(request)
  File "C:\Users\pc\Projects\BABYSHOP\OneStep_BabyShop\venv\Lib\site-packages\django\core\handlers\base.py", line 198, in _get_response
    response = wrapped_callback(request, *callback_args, **callback_kwargs)
  File "C:\Users\pc\Projects\BABYSHOP\OneStep_BabyShop\venv\Lib\site-packages\django\views\decorators\csrf.py", line 65, in _view_wrapper
    return view_func(request, *args, **kwargs)
  File "C:\Users\pc\Projects\BABYSHOP\OneStep_BabyShop\venv\Lib\site-packages\django\views\generic\base.py", line 106, in view
    return self.dispatch(request, *args, **kwargs)
           ~~~~~~~~~~~~~^^^^^^^^^^^^^^^^^^^^^^^^^^
  File "C:\Users\pc\Projects\BABYSHOP\OneStep_BabyShop\venv\Lib\site-packages\rest_framework\views.py", line 515, in dispatch
    response = self.handle_exception(exc)
  File "C:\Users\pc\Projects\BABYSHOP\OneStep_BabyShop\venv\Lib\site-packages\rest_framework\views.py", line 475, in handle_exception
    self.raise_uncaught_exception(exc)
    ~~~~~~~~~~~~~~~~~~~~~~~~~~~~~^^^^^
  File "C:\Users\pc\Projects\BABYSHOP\OneStep_BabyShop\venv\Lib\site-packages\rest_framework\views.py", line 486, in raise_uncaught_exception
    raise exc
  File "C:\Users\pc\Projects\BABYSHOP\OneStep_BabyShop\venv\Lib\site-packages\rest_framework\views.py", line 512, in dispatch
    response = handler(request, *args, **kwargs)
  File "C:\Users\pc\Projects\BABYSHOP\OneStep_BabyShop\venv\Lib\site-packages\rest_framework\generics.py", line 194, in post
    return self.create(request, *args, **kwargs)
           ~~~~~~~~~~~^^^^^^^^^^^^^^^^^^^^^^^^^^
  File "C:\Users\pc\Projects\BABYSHOP\OneStep_BabyShop\users\views.py", line 24, in create
    serializer.is_valide(raise_exception=True)
    ^^^^^^^^^^^^^^^^^^^^
AttributeError: 'RegisterSerializer' object has no attribute 'is_valide'. Did you mean: 'is_valid'?
C:\Users\pc\Projects\BABYSHOP\OneStep_BabyShop\users\views.py changed, reloading.
Watching for file changes with StatReloader
Internal Server Error: /api/v1/auth/register/
Traceback (most recent call last):
  File "C:\Users\pc\Projects\BABYSHOP\OneStep_BabyShop\venv\Lib\site-packages\rest_framework\serializers.py", line 991, in create
    instance = ModelClass._default_manager.create(**validated_data)
  File "C:\Users\pc\Projects\BABYSHOP\OneStep_BabyShop\venv\Lib\site-packages\django\db\models\manager.py", line 87, in manager_method
    return getattr(self.get_queryset(), name)(*args, **kwargs)
           ~~~~~~~~~~~~~~~~~~~~~~~~~~~~~~~~~~^^^^^^^^^^^^^^^^^
  File "C:\Users\pc\Projects\BABYSHOP\OneStep_BabyShop\venv\Lib\site-packages\django\db\models\query.py", line 667, in create
    obj = self.model(**kwargs)
  File "C:\Users\pc\Projects\BABYSHOP\OneStep_BabyShop\venv\Lib\site-packages\django\db\models\base.py", line 590, in __init__
    raise TypeError(
    ...<2 lines>...
    )
TypeError: CustomUser() got unexpected keyword arguments: 'password_confirm'

During handling of the above exception, another exception occurred:

Traceback (most recent call last):
  File "C:\Users\pc\Projects\BABYSHOP\OneStep_BabyShop\venv\Lib\site-packages\django\core\handlers\exception.py", line 55, in inner
    response = get_response(request)
  File "C:\Users\pc\Projects\BABYSHOP\OneStep_BabyShop\venv\Lib\site-packages\django\core\handlers\base.py", line 198, in _get_response
    response = wrapped_callback(request, *callback_args, **callback_kwargs)
  File "C:\Users\pc\Projects\BABYSHOP\OneStep_BabyShop\venv\Lib\site-packages\django\views\decorators\csrf.py", line 65, in _view_wrapper
    return view_func(request, *args, **kwargs)
  File "C:\Users\pc\Projects\BABYSHOP\OneStep_BabyShop\venv\Lib\site-packages\django\views\generic\base.py", line 106, in view
    return self.dispatch(request, *args, **kwargs)
           ~~~~~~~~~~~~~^^^^^^^^^^^^^^^^^^^^^^^^^^
  File "C:\Users\pc\Projects\BABYSHOP\OneStep_BabyShop\venv\Lib\site-packages\rest_framework\views.py", line 515, in dispatch
    response = self.handle_exception(exc)
  File "C:\Users\pc\Projects\BABYSHOP\OneStep_BabyShop\venv\Lib\site-packages\rest_framework\views.py", line 475, in handle_exception
    self.raise_uncaught_exception(exc)
    ~~~~~~~~~~~~~~~~~~~~~~~~~~~~~^^^^^
  File "C:\Users\pc\Projects\BABYSHOP\OneStep_BabyShop\venv\Lib\site-packages\rest_framework\views.py", line 486, in raise_uncaught_exception
    raise exc
  File "C:\Users\pc\Projects\BABYSHOP\OneStep_BabyShop\venv\Lib\site-packages\rest_framework\views.py", line 512, in dispatch
    response = handler(request, *args, **kwargs)
  File "C:\Users\pc\Projects\BABYSHOP\OneStep_BabyShop\venv\Lib\site-packages\rest_framework\generics.py", line 194, in post
    return self.create(request, *args, **kwargs)
           ~~~~~~~~~~~^^^^^^^^^^^^^^^^^^^^^^^^^^
  File "C:\Users\pc\Projects\BABYSHOP\OneStep_BabyShop\users\views.py", line 25, in create
    user = serializer.save()
  File "C:\Users\pc\Projects\BABYSHOP\OneStep_BabyShop\venv\Lib\site-packages\rest_framework\serializers.py", line 210, in save
    self.instance = self.create(validated_data)
                    ~~~~~~~~~~~^^^^^^^^^^^^^^^^
  File "C:\Users\pc\Projects\BABYSHOP\OneStep_BabyShop\venv\Lib\site-packages\rest_framework\serializers.py", line 1010, in create
    raise TypeError(msg)
TypeError: Got a `TypeError` when calling `CustomUser.objects.create()`. This may be because you have a writable field on the serializer class that is not a valid argument to `CustomUser.objects.create()`. You may need to make the field read-only, or override the RegisterSerializer.create() method to handle this correctly.
Original exception was:
 Traceback (most recent call last):
  File "C:\Users\pc\Projects\BABYSHOP\OneStep_BabyShop\venv\Lib\site-packages\rest_framework\serializers.py", line 991, in create
    instance = ModelClass._default_manager.create(**validated_data)
  File "C:\Users\pc\Projects\BABYSHOP\OneStep_BabyShop\venv\Lib\site-packages\django\db\models\manager.py", line 87, in manager_method
    return getattr(self.get_queryset(), name)(*args, **kwargs)
           ~~~~~~~~~~~~~~~~~~~~~~~~~~~~~~~~~~^^^^^^^^^^^^^^^^^
  File "C:\Users\pc\Projects\BABYSHOP\OneStep_BabyShop\venv\Lib\site-packages\django\db\models\query.py", line 667, in create
    obj = self.model(**kwargs)
  File "C:\Users\pc\Projects\BABYSHOP\OneStep_BabyShop\venv\Lib\site-packages\django\db\models\base.py", line 590, in __init__
    raise TypeError(
    ...<2 lines>...
    )
TypeError: CustomUser() got unexpected keyword arguments: 'password_confirm'

C:\Users\pc\Projects\BABYSHOP\OneStep_BabyShop\users\serializers.py changed, reloading.
Watching for file changes with StatReloader
C:\Users\pc\Projects\BABYSHOP\OneStep_BabyShop\users\serializers.py changed, reloading.
Watching for file changes with StatReloader
Internal Server Error: /api/v1/auth/register/
Traceback (most recent call last):
  File "C:\Users\pc\Projects\BABYSHOP\OneStep_BabyShop\venv\Lib\site-packages\rest_framework\serializers.py", line 991, in create
    instance = ModelClass._default_manager.create(**validated_data)
  File "C:\Users\pc\Projects\BABYSHOP\OneStep_BabyShop\venv\Lib\site-packages\django\db\models\manager.py", line 87, in manager_method
    return getattr(self.get_queryset(), name)(*args, **kwargs)
           ~~~~~~~~~~~~~~~~~~~~~~~~~~~~~~~~~~^^^^^^^^^^^^^^^^^
  File "C:\Users\pc\Projects\BABYSHOP\OneStep_BabyShop\venv\Lib\site-packages\django\db\models\query.py", line 667, in create
    obj = self.model(**kwargs)
  File "C:\Users\pc\Projects\BABYSHOP\OneStep_BabyShop\venv\Lib\site-packages\django\db\models\base.py", line 590, in __init__
    raise TypeError(
    ...<2 lines>...
    )
TypeError: CustomUser() got unexpected keyword arguments: 'password_confirm'

During handling of the above exception, another exception occurred:

Traceback (most recent call last):
  File "C:\Users\pc\Projects\BABYSHOP\OneStep_BabyShop\venv\Lib\site-packages\django\core\handlers\exception.py", line 55, in inner
    response = get_response(request)
  File "C:\Users\pc\Projects\BABYSHOP\OneStep_BabyShop\venv\Lib\site-packages\django\core\handlers\base.py", line 198, in _get_response
    response = wrapped_callback(request, *callback_args, **callback_kwargs)
  File "C:\Users\pc\Projects\BABYSHOP\OneStep_BabyShop\venv\Lib\site-packages\django\views\decorators\csrf.py", line 65, in _view_wrapper
    return view_func(request, *args, **kwargs)
  File "C:\Users\pc\Projects\BABYSHOP\OneStep_BabyShop\venv\Lib\site-packages\django\views\generic\base.py", line 106, in view
    return self.dispatch(request, *args, **kwargs)
           ~~~~~~~~~~~~~^^^^^^^^^^^^^^^^^^^^^^^^^^
  File "C:\Users\pc\Projects\BABYSHOP\OneStep_BabyShop\venv\Lib\site-packages\rest_framework\views.py", line 515, in dispatch
    response = self.handle_exception(exc)
  File "C:\Users\pc\Projects\BABYSHOP\OneStep_BabyShop\venv\Lib\site-packages\rest_framework\views.py", line 475, in handle_exception
    self.raise_uncaught_exception(exc)
    ~~~~~~~~~~~~~~~~~~~~~~~~~~~~~^^^^^
  File "C:\Users\pc\Projects\BABYSHOP\OneStep_BabyShop\venv\Lib\site-packages\rest_framework\views.py", line 486, in raise_uncaught_exception
    raise exc
  File "C:\Users\pc\Projects\BABYSHOP\OneStep_BabyShop\venv\Lib\site-packages\rest_framework\views.py", line 512, in dispatch
    response = handler(request, *args, **kwargs)
  File "C:\Users\pc\Projects\BABYSHOP\OneStep_BabyShop\venv\Lib\site-packages\rest_framework\generics.py", line 194, in post
    return self.create(request, *args, **kwargs)
           ~~~~~~~~~~~^^^^^^^^^^^^^^^^^^^^^^^^^^
  File "C:\Users\pc\Projects\BABYSHOP\OneStep_BabyShop\users\views.py", line 25, in create
    user = serializer.save()
  File "C:\Users\pc\Projects\BABYSHOP\OneStep_BabyShop\venv\Lib\site-packages\rest_framework\serializers.py", line 210, in save
    self.instance = self.create(validated_data)
                    ~~~~~~~~~~~^^^^^^^^^^^^^^^^
  File "C:\Users\pc\Projects\BABYSHOP\OneStep_BabyShop\venv\Lib\site-packages\rest_framework\serializers.py", line 1010, in create
    raise TypeError(msg)
TypeError: Got a `TypeError` when calling `CustomUser.objects.create()`. This may be because you have a writable field on the serializer class that is not a valid argument to `CustomUser.objects.create()`. You may need to make the field read-only, or override the RegisterSerializer.create() method to handle this correctly.
Original exception was:
 Traceback (most recent call last):
  File "C:\Users\pc\Projects\BABYSHOP\OneStep_BabyShop\venv\Lib\site-packages\rest_framework\serializers.py", line 991, in create
    instance = ModelClass._default_manager.create(**validated_data)
  File "C:\Users\pc\Projects\BABYSHOP\OneStep_BabyShop\venv\Lib\site-packages\django\db\models\manager.py", line 87, in manager_method
    return getattr(self.get_queryset(), name)(*args, **kwargs)
           ~~~~~~~~~~~~~~~~~~~~~~~~~~~~~~~~~~^^^^^^^^^^^^^^^^^
  File "C:\Users\pc\Projects\BABYSHOP\OneStep_BabyShop\venv\Lib\site-packages\django\db\models\query.py", line 667, in create
    obj = self.model(**kwargs)
  File "C:\Users\pc\Projects\BABYSHOP\OneStep_BabyShop\venv\Lib\site-packages\django\db\models\base.py", line 590, in __init__
    raise TypeError(
    ...<2 lines>...
    )
TypeError: CustomUser() got unexpected keyword arguments: 'password_confirm'

C:\Users\pc\Projects\BABYSHOP\OneStep_BabyShop\users\serializers.py changed, reloading.
Watching for file changes with StatReloader
C:\Users\pc\Projects\BABYSHOP\OneStep_BabyShop\users\serializers.py changed, reloading.
Watching for file changes with StatReloader
Not Found: /
Not Found: /token/
C:\Users\pc\Projects\BABYSHOP\OneStep_BabyShop\babyshop_backend\urls.py changed, reloading.
Watching for file changes with StatReloader
Not Found: /api/token/\n\n
C:\Users\pc\Projects\BABYSHOP\OneStep_BabyShop\babyshop_backend\urls.py changed, reloading.
Watching for file changes with StatReloader
Not Found: /api/token/\n\n
Not Found: /api/token/\n\n
Method Not Allowed: /api/token/
Not Found: /favicon.ico
C:\Users\pc\Projects\BABYSHOP\OneStep_BabyShop\users\models.py changed, reloading.
Watching for file changes with StatReloader
C:\Users\pc\Projects\BABYSHOP\OneStep_BabyShop\users\managers.py changed, reloading.
Watching for file changes with StatReloader
C:\Users\pc\Projects\BABYSHOP\OneStep_BabyShop\users\serializers.py changed, reloading.
Watching for file changes with StatReloader
C:\Users\pc\Projects\BABYSHOP\OneStep_BabyShop\babyshop_backend\settings.py changed, reloading.
Watching for file changes with StatReloader
C:\Users\pc\Projects\BABYSHOP\OneStep_BabyShop\babyshop_backend\settings.py changed, reloading.
Watching for file changes with StatReloader
C:\Users\pc\Projects\BABYSHOP\OneStep_BabyShop\users\serializers.py changed, reloading.
Watching for file changes with StatReloader
C:\Users\pc\Projects\BABYSHOP\OneStep_BabyShop\users\serializers.py changed, reloading.
Watching for file changes with StatReloader
C:\Users\pc\Projects\BABYSHOP\OneStep_BabyShop\users\serializers.py changed, reloading.
Watching for file changes with StatReloader
C:\Users\pc\Projects\BABYSHOP\OneStep_BabyShop\users\serializers.py changed, reloading.
Watching for file changes with StatReloader
C:\Users\pc\Projects\BABYSHOP\OneStep_BabyShop\users\views.py changed, reloading.
Watching for file changes with StatReloader
C:\Users\pc\Projects\BABYSHOP\OneStep_BabyShop\users\views.py changed, reloading.
Watching for file changes with StatReloader
C:\Users\pc\Projects\BABYSHOP\OneStep_BabyShop\users\views.py changed, reloading.
Watching for file changes with StatReloader
C:\Users\pc\Projects\BABYSHOP\OneStep_BabyShop\users\views.py changed, reloading.
Watching for file changes with StatReloader
C:\Users\pc\Projects\BABYSHOP\OneStep_BabyShop\users\serializers.py changed, reloading.
Watching for file changes with StatReloader
C:\Users\pc\Projects\BABYSHOP\OneStep_BabyShop\users\views.py changed, reloading.
Watching for file changes with StatReloader
C:\Users\pc\Projects\BABYSHOP\OneStep_BabyShop\users\urls.py changed, reloading.
Watching for file changes with StatReloader
C:\Users\pc\Projects\BABYSHOP\OneStep_BabyShop\users\views.py changed, reloading.
Watching for file changes with StatReloader
Watching for file changes with StatReloader
Not Found: /
C:\Users\pc\Projects\BABYSHOP\OneStep_BabyShop\users\managers.py changed, reloading.
Watching for file changes with StatReloader
C:\Users\pc\Projects\BABYSHOP\OneStep_BabyShop\users\managers.py changed, reloading.
Watching for file changes with StatReloader
C:\Users\pc\Projects\BABYSHOP\OneStep_BabyShop\users\managers.py changed, reloading.
Watching for file changes with StatReloader
C:\Users\pc\Projects\BABYSHOP\OneStep_BabyShop\users\managers.py changed, reloading.
Watching for file changes with StatReloader
C:\Users\pc\Projects\BABYSHOP\OneStep_BabyShop\users\admin.py changed, reloading.
Watching for file changes with StatReloader
C:\Users\pc\Projects\BABYSHOP\OneStep_BabyShop\babyshop_backend\settings.py changed, reloading.
Watching for file changes with StatReloader
Not Found: /api/v1/auth/register/
Method Not Allowed: /api/token/
Not Found: /
Not Found: /
Not Found: /api/v1/auth/register/
Method Not Allowed: /api/v1/auth/register/register/
C:\Users\pc\Projects\BABYSHOP\OneStep_BabyShop\babyshop_backend\urls.py changed, reloading.
Watching for file changes with StatReloader
Not Found: /api/v1/auth/register/register/
Not Found: /api/v1/auth/register/register/
Method Not Allowed: /api/v1/auth/register/
Failed to send verification email to elisrendaivy@gmail.com: 'CustomUser' object has no attribute 'generate_verification_code'
Traceback (most recent call last):
  File "C:\Users\pc\Projects\BABYSHOP\OneStep_BabyShop\users\utils.py", line 41, in send_verification_email
    user.generate_verification_code()
    ^^^^^^^^^^^^^^^^^^^^^^^^^^^^^^^
AttributeError: 'CustomUser' object has no attribute 'generate_verification_code'. Did you mean: 'generate_verificatin_code'?
CRITICAL: Failed to send verification email to elisrendaivy@gmail.com
C:\Users\pc\Projects\BABYSHOP\OneStep_BabyShop\users\models.py changed, reloading.
Watching for file changes with StatReloader
HTML verification email sent to elisrendaivy@gmail.com (resend: False)
Internal Server Error: /api/v1/auth/verify-email/
Traceback (most recent call last):
  File "C:\Users\pc\Projects\BABYSHOP\OneStep_BabyShop\venv\Lib\site-packages\django\core\handlers\exception.py", line 55, in inner
    response = get_response(request)
  File "C:\Users\pc\Projects\BABYSHOP\OneStep_BabyShop\venv\Lib\site-packages\django\core\handlers\base.py", line 198, in _get_response
    response = wrapped_callback(request, *callback_args, **callback_kwargs)
  File "C:\Users\pc\Projects\BABYSHOP\OneStep_BabyShop\venv\Lib\site-packages\django\views\decorators\csrf.py", line 65, in _view_wrapper
    return view_func(request, *args, **kwargs)
  File "C:\Users\pc\Projects\BABYSHOP\OneStep_BabyShop\venv\Lib\site-packages\django\views\generic\base.py", line 106, in view
    return self.dispatch(request, *args, **kwargs)
           ~~~~~~~~~~~~~^^^^^^^^^^^^^^^^^^^^^^^^^^
  File "C:\Users\pc\Projects\BABYSHOP\OneStep_BabyShop\venv\Lib\site-packages\rest_framework\views.py", line 515, in dispatch
    response = self.handle_exception(exc)
  File "C:\Users\pc\Projects\BABYSHOP\OneStep_BabyShop\venv\Lib\site-packages\rest_framework\views.py", line 475, in handle_exception
    self.raise_uncaught_exception(exc)
    ~~~~~~~~~~~~~~~~~~~~~~~~~~~~~^^^^^
  File "C:\Users\pc\Projects\BABYSHOP\OneStep_BabyShop\venv\Lib\site-packages\rest_framework\views.py", line 486, in raise_uncaught_exception
    raise exc
  File "C:\Users\pc\Projects\BABYSHOP\OneStep_BabyShop\venv\Lib\site-packages\rest_framework\views.py", line 512, in dispatch
    response = handler(request, *args, **kwargs)
  File "C:\Users\pc\Projects\BABYSHOP\OneStep_BabyShop\users\views.py", line 75, in post
    serializer.is_valid(raise_exception=True)
    ~~~~~~~~~~~~~~~~~~~^^^^^^^^^^^^^^^^^^^^^^
  File "C:\Users\pc\Projects\BABYSHOP\OneStep_BabyShop\venv\Lib\site-packages\rest_framework\serializers.py", line 225, in is_valid
    self._validated_data = self.run_validation(self.initial_data)
                           ~~~~~~~~~~~~~~~~~~~^^^^^^^^^^^^^^^^^^^
  File "C:\Users\pc\Projects\BABYSHOP\OneStep_BabyShop\venv\Lib\site-packages\rest_framework\serializers.py", line 447, in run_validation
    value = self.validate(value)
  File "C:\Users\pc\Projects\BABYSHOP\OneStep_BabyShop\users\serializers.py", line 117, in validate
    if not user.is_verification_code_valid(verification_code):
           ^^^^^^^^^^^^^^^^^^^^^^^^^^^^^^^
AttributeError: 'CustomUser' object has no attribute 'is_verification_code_valid'. Did you mean: 'is_veification_code_valid'?
C:\Users\pc\Projects\BABYSHOP\OneStep_BabyShop\users\models.py changed, reloading.
Watching for file changes with StatReloader
Internal Server Error: /api/v1/auth/verify-email/
Traceback (most recent call last):
  File "C:\Users\pc\Projects\BABYSHOP\OneStep_BabyShop\venv\Lib\site-packages\django\core\handlers\exception.py", line 55, in inner
    response = get_response(request)
  File "C:\Users\pc\Projects\BABYSHOP\OneStep_BabyShop\venv\Lib\site-packages\django\core\handlers\base.py", line 198, in _get_response
    response = wrapped_callback(request, *callback_args, **callback_kwargs)
  File "C:\Users\pc\Projects\BABYSHOP\OneStep_BabyShop\venv\Lib\site-packages\django\views\decorators\csrf.py", line 65, in _view_wrapper
    return view_func(request, *args, **kwargs)
  File "C:\Users\pc\Projects\BABYSHOP\OneStep_BabyShop\venv\Lib\site-packages\django\views\generic\base.py", line 106, in view
    return self.dispatch(request, *args, **kwargs)
           ~~~~~~~~~~~~~^^^^^^^^^^^^^^^^^^^^^^^^^^
  File "C:\Users\pc\Projects\BABYSHOP\OneStep_BabyShop\venv\Lib\site-packages\rest_framework\views.py", line 515, in dispatch
    response = self.handle_exception(exc)
  File "C:\Users\pc\Projects\BABYSHOP\OneStep_BabyShop\venv\Lib\site-packages\rest_framework\views.py", line 475, in handle_exception
    self.raise_uncaught_exception(exc)
    ~~~~~~~~~~~~~~~~~~~~~~~~~~~~~^^^^^
  File "C:\Users\pc\Projects\BABYSHOP\OneStep_BabyShop\venv\Lib\site-packages\rest_framework\views.py", line 486, in raise_uncaught_exception
    raise exc
  File "C:\Users\pc\Projects\BABYSHOP\OneStep_BabyShop\venv\Lib\site-packages\rest_framework\views.py", line 512, in dispatch
    response = handler(request, *args, **kwargs)
  File "C:\Users\pc\Projects\BABYSHOP\OneStep_BabyShop\users\views.py", line 75, in post
    serializer.is_valid(raise_exception=True)
    ~~~~~~~~~~~~~~~~~~~^^^^^^^^^^^^^^^^^^^^^^
  File "C:\Users\pc\Projects\BABYSHOP\OneStep_BabyShop\venv\Lib\site-packages\rest_framework\serializers.py", line 225, in is_valid
    self._validated_data = self.run_validation(self.initial_data)
                           ~~~~~~~~~~~~~~~~~~~^^^^^^^^^^^^^^^^^^^
  File "C:\Users\pc\Projects\BABYSHOP\OneStep_BabyShop\venv\Lib\site-packages\rest_framework\serializers.py", line 447, in run_validation
    value = self.validate(value)
  File "C:\Users\pc\Projects\BABYSHOP\OneStep_BabyShop\users\serializers.py", line 117, in validate
    if not user.is_verification_code_valid(verification_code):
           ~~~~~~~~~~~~~~~~~~~~~~~~~~~~~~~^^^^^^^^^^^^^^^^^^^
  File "C:\Users\pc\Projects\BABYSHOP\OneStep_BabyShop\users\models.py", line 113, in is_verification_code_valid
    if not self.email_cerification_code or not self.email_veification_sent_at:
           ^^^^^^^^^^^^^^^^^^^^^^^^^^^^
AttributeError: 'CustomUser' object has no attribute 'email_cerification_code'. Did you mean: 'email_verification_code'?
C:\Users\pc\Projects\BABYSHOP\OneStep_BabyShop\users\models.py changed, reloading.
Watching for file changes with StatReloader
Internal Server Error: /api/v1/auth/verify-email/
Traceback (most recent call last):
  File "C:\Users\pc\Projects\BABYSHOP\OneStep_BabyShop\venv\Lib\site-packages\django\core\handlers\exception.py", line 55, in inner
    response = get_response(request)
  File "C:\Users\pc\Projects\BABYSHOP\OneStep_BabyShop\venv\Lib\site-packages\django\core\handlers\base.py", line 198, in _get_response
    response = wrapped_callback(request, *callback_args, **callback_kwargs)
  File "C:\Users\pc\Projects\BABYSHOP\OneStep_BabyShop\venv\Lib\site-packages\django\views\decorators\csrf.py", line 65, in _view_wrapper
    return view_func(request, *args, **kwargs)
  File "C:\Users\pc\Projects\BABYSHOP\OneStep_BabyShop\venv\Lib\site-packages\django\views\generic\base.py", line 106, in view
    return self.dispatch(request, *args, **kwargs)
           ~~~~~~~~~~~~~^^^^^^^^^^^^^^^^^^^^^^^^^^
  File "C:\Users\pc\Projects\BABYSHOP\OneStep_BabyShop\venv\Lib\site-packages\rest_framework\views.py", line 515, in dispatch
    response = self.handle_exception(exc)
  File "C:\Users\pc\Projects\BABYSHOP\OneStep_BabyShop\venv\Lib\site-packages\rest_framework\views.py", line 475, in handle_exception
    self.raise_uncaught_exception(exc)
    ~~~~~~~~~~~~~~~~~~~~~~~~~~~~~^^^^^
  File "C:\Users\pc\Projects\BABYSHOP\OneStep_BabyShop\venv\Lib\site-packages\rest_framework\views.py", line 486, in raise_uncaught_exception
    raise exc
  File "C:\Users\pc\Projects\BABYSHOP\OneStep_BabyShop\venv\Lib\site-packages\rest_framework\views.py", line 512, in dispatch
    response = handler(request, *args, **kwargs)
  File "C:\Users\pc\Projects\BABYSHOP\OneStep_BabyShop\users\views.py", line 75, in post
    serializer.is_valid(raise_exception=True)
    ~~~~~~~~~~~~~~~~~~~^^^^^^^^^^^^^^^^^^^^^^
  File "C:\Users\pc\Projects\BABYSHOP\OneStep_BabyShop\venv\Lib\site-packages\rest_framework\serializers.py", line 225, in is_valid
    self._validated_data = self.run_validation(self.initial_data)
                           ~~~~~~~~~~~~~~~~~~~^^^^^^^^^^^^^^^^^^^
  File "C:\Users\pc\Projects\BABYSHOP\OneStep_BabyShop\venv\Lib\site-packages\rest_framework\serializers.py", line 447, in run_validation
    value = self.validate(value)
  File "C:\Users\pc\Projects\BABYSHOP\OneStep_BabyShop\users\serializers.py", line 117, in validate
    if not user.is_verification_code_valid(verification_code):
           ~~~~~~~~~~~~~~~~~~~~~~~~~~~~~~~^^^^^^^^^^^^^^^^^^^
  File "C:\Users\pc\Projects\BABYSHOP\OneStep_BabyShop\users\models.py", line 113, in is_verification_code_valid
    if not self.email_verification_code or not self.email_veification_sent_at:
                                               ^^^^^^^^^^^^^^^^^^^^^^^^^^^^^^
AttributeError: 'CustomUser' object has no attribute 'email_veification_sent_at'. Did you mean: 'email_verification_sent_at'?
C:\Users\pc\Projects\BABYSHOP\OneStep_BabyShop\users\models.py changed, reloading.
Watching for file changes with StatReloader
HTML welcome email sent to elisrendaivy@gmail.com
Internal Server Error: /api/v1/auth/verify-email/
Traceback (most recent call last):
  File "C:\Users\pc\Projects\BABYSHOP\OneStep_BabyShop\venv\Lib\site-packages\django\core\handlers\exception.py", line 55, in inner
    response = get_response(request)
  File "C:\Users\pc\Projects\BABYSHOP\OneStep_BabyShop\venv\Lib\site-packages\django\core\handlers\base.py", line 198, in _get_response
    response = wrapped_callback(request, *callback_args, **callback_kwargs)
  File "C:\Users\pc\Projects\BABYSHOP\OneStep_BabyShop\venv\Lib\site-packages\django\views\decorators\csrf.py", line 65, in _view_wrapper
    return view_func(request, *args, **kwargs)
  File "C:\Users\pc\Projects\BABYSHOP\OneStep_BabyShop\venv\Lib\site-packages\django\views\generic\base.py", line 106, in view
    return self.dispatch(request, *args, **kwargs)
           ~~~~~~~~~~~~~^^^^^^^^^^^^^^^^^^^^^^^^^^
  File "C:\Users\pc\Projects\BABYSHOP\OneStep_BabyShop\venv\Lib\site-packages\rest_framework\views.py", line 515, in dispatch
    response = self.handle_exception(exc)
  File "C:\Users\pc\Projects\BABYSHOP\OneStep_BabyShop\venv\Lib\site-packages\rest_framework\views.py", line 475, in handle_exception
    self.raise_uncaught_exception(exc)
    ~~~~~~~~~~~~~~~~~~~~~~~~~~~~~^^^^^
  File "C:\Users\pc\Projects\BABYSHOP\OneStep_BabyShop\venv\Lib\site-packages\rest_framework\views.py", line 486, in raise_uncaught_exception
    raise exc
  File "C:\Users\pc\Projects\BABYSHOP\OneStep_BabyShop\venv\Lib\site-packages\rest_framework\views.py", line 512, in dispatch
    response = handler(request, *args, **kwargs)
  File "C:\Users\pc\Projects\BABYSHOP\OneStep_BabyShop\users\views.py", line 76, in post
    user = serializer.save()
  File "C:\Users\pc\Projects\BABYSHOP\OneStep_BabyShop\users\serializers.py", line 130, in save
    return user()
TypeError: 'CustomUser' object is not callable
C:\Users\pc\Projects\BABYSHOP\OneStep_BabyShop\users\serializers.py changed, reloading.
Watching for file changes with StatReloader
Bad Request: /api/v1/auth/verify-email/
Bad Request: /api/v1/auth/verify-email/
Bad Request: /api/v1/auth/verify-email/
HTML verification email sent to elisrendaivy@gmail.com (resend: False)
HTML welcome email sent to elisrendaivy@gmail.com
HTML welcome email sent to elisrendaivy@gmail.com
C:\Users\pc\Projects\BABYSHOP\OneStep_BabyShop\users\views.py changed, reloading.
Watching for file changes with StatReloader
C:\Users\pc\Projects\BABYSHOP\OneStep_BabyShop\users\urls.py changed, reloading.
Watching for file changes with StatReloader
C:\Users\pc\Projects\BABYSHOP\OneStep_BabyShop\babyshop_backend\urls.py changed, reloading.
Watching for file changes with StatReloader
Internal Server Error: /api/v1/auth/resend-verification/
Traceback (most recent call last):
  File "C:\Users\pc\Projects\BABYSHOP\OneStep_BabyShop\venv\Lib\site-packages\django\core\handlers\exception.py", line 55, in inner
    response = get_response(request)
  File "C:\Users\pc\Projects\BABYSHOP\OneStep_BabyShop\venv\Lib\site-packages\django\core\handlers\base.py", line 198, in _get_response
    response = wrapped_callback(request, *callback_args, **callback_kwargs)
  File "C:\Users\pc\Projects\BABYSHOP\OneStep_BabyShop\venv\Lib\site-packages\django\views\decorators\csrf.py", line 65, in _view_wrapper
    return view_func(request, *args, **kwargs)
  File "C:\Users\pc\Projects\BABYSHOP\OneStep_BabyShop\venv\Lib\site-packages\django\views\generic\base.py", line 106, in view
    return self.dispatch(request, *args, **kwargs)
           ~~~~~~~~~~~~~^^^^^^^^^^^^^^^^^^^^^^^^^^
  File "C:\Users\pc\Projects\BABYSHOP\OneStep_BabyShop\venv\Lib\site-packages\rest_framework\views.py", line 515, in dispatch
    response = self.handle_exception(exc)
  File "C:\Users\pc\Projects\BABYSHOP\OneStep_BabyShop\venv\Lib\site-packages\rest_framework\views.py", line 475, in handle_exception
    self.raise_uncaught_exception(exc)
    ~~~~~~~~~~~~~~~~~~~~~~~~~~~~~^^^^^
  File "C:\Users\pc\Projects\BABYSHOP\OneStep_BabyShop\venv\Lib\site-packages\rest_framework\views.py", line 486, in raise_uncaught_exception
    raise exc
  File "C:\Users\pc\Projects\BABYSHOP\OneStep_BabyShop\venv\Lib\site-packages\rest_framework\views.py", line 512, in dispatch
    response = handler(request, *args, **kwargs)
  File "C:\Users\pc\Projects\BABYSHOP\OneStep_BabyShop\users\views.py", line 108, in post
    serializer.is_valid(raise_exception=True)
    ~~~~~~~~~~~~~~~~~~~^^^^^^^^^^^^^^^^^^^^^^
  File "C:\Users\pc\Projects\BABYSHOP\OneStep_BabyShop\venv\Lib\site-packages\rest_framework\serializers.py", line 225, in is_valid
    self._validated_data = self.run_validation(self.initial_data)
                           ~~~~~~~~~~~~~~~~~~~^^^^^^^^^^^^^^^^^^^
  File "C:\Users\pc\Projects\BABYSHOP\OneStep_BabyShop\venv\Lib\site-packages\rest_framework\serializers.py", line 447, in run_validation
    value = self.validate(value)
  File "C:\Users\pc\Projects\BABYSHOP\OneStep_BabyShop\users\serializers.py", line 138, in validate
    email = data.get(email)
                     ^^^^^
UnboundLocalError: cannot access local variable 'email' where it is not associated with a value
C:\Users\pc\Projects\BABYSHOP\OneStep_BabyShop\users\serializers.py changed, reloading.
Watching for file changes with StatReloader
Bad Request: /api/v1/auth/resend-verification/
HTML verification email sent to elisrendaivy@gmail.com (resend: False)
Internal Server Error: /api/v1/auth/resend-verification/
Traceback (most recent call last):
  File "C:\Users\pc\Projects\BABYSHOP\OneStep_BabyShop\venv\Lib\site-packages\django\core\handlers\exception.py", line 55, in inner
    response = get_response(request)
  File "C:\Users\pc\Projects\BABYSHOP\OneStep_BabyShop\venv\Lib\site-packages\django\core\handlers\base.py", line 198, in _get_response
    response = wrapped_callback(request, *callback_args, **callback_kwargs)
  File "C:\Users\pc\Projects\BABYSHOP\OneStep_BabyShop\venv\Lib\site-packages\django\views\decorators\csrf.py", line 65, in _view_wrapper
    return view_func(request, *args, **kwargs)
  File "C:\Users\pc\Projects\BABYSHOP\OneStep_BabyShop\venv\Lib\site-packages\django\views\generic\base.py", line 106, in view
    return self.dispatch(request, *args, **kwargs)
           ~~~~~~~~~~~~~^^^^^^^^^^^^^^^^^^^^^^^^^^
  File "C:\Users\pc\Projects\BABYSHOP\OneStep_BabyShop\venv\Lib\site-packages\rest_framework\views.py", line 515, in dispatch
    response = self.handle_exception(exc)
  File "C:\Users\pc\Projects\BABYSHOP\OneStep_BabyShop\venv\Lib\site-packages\rest_framework\views.py", line 475, in handle_exception
    self.raise_uncaught_exception(exc)
    ~~~~~~~~~~~~~~~~~~~~~~~~~~~~~^^^^^
  File "C:\Users\pc\Projects\BABYSHOP\OneStep_BabyShop\venv\Lib\site-packages\rest_framework\views.py", line 486, in raise_uncaught_exception
    raise exc
  File "C:\Users\pc\Projects\BABYSHOP\OneStep_BabyShop\venv\Lib\site-packages\rest_framework\views.py", line 512, in dispatch
    response = handler(request, *args, **kwargs)
  File "C:\Users\pc\Projects\BABYSHOP\OneStep_BabyShop\users\views.py", line 108, in post
    serializer.is_valid(raise_exception=True)
    ~~~~~~~~~~~~~~~~~~~^^^^^^^^^^^^^^^^^^^^^^
  File "C:\Users\pc\Projects\BABYSHOP\OneStep_BabyShop\venv\Lib\site-packages\rest_framework\serializers.py", line 225, in is_valid
    self._validated_data = self.run_validation(self.initial_data)
                           ~~~~~~~~~~~~~~~~~~~^^^^^^^^^^^^^^^^^^^
  File "C:\Users\pc\Projects\BABYSHOP\OneStep_BabyShop\venv\Lib\site-packages\rest_framework\serializers.py", line 447, in run_validation
    value = self.validate(value)
  File "C:\Users\pc\Projects\BABYSHOP\OneStep_BabyShop\users\serializers.py", line 153, in validate
    time_since_last = timezone.now() - user.email_verification_sent_at
                      ^^^^^^^^^^^^
AttributeError: type object 'datetime.timezone' has no attribute 'now'
C:\Users\pc\Projects\BABYSHOP\OneStep_BabyShop\users\serializers.py changed, reloading.
Watching for file changes with StatReloader
C:\Users\pc\Projects\BABYSHOP\OneStep_BabyShop\users\serializers.py changed, reloading.
Watching for file changes with StatReloader
HTML verification email sent to elisrendaivy@gmail.com (resend: True)
HTML verification email sent to elisrendaivy@gmail.com (resend: True)
Bad Request: /api/v1/auth/verify-email/
HTML welcome email sent to elisrendaivy@gmail.com
HTML welcome email sent to elisrendaivy@gmail.com
C:\Users\pc\Projects\BABYSHOP\OneStep_BabyShop\users\models.py changed, reloading.
Watching for file changes with StatReloader
C:\Users\pc\Projects\BABYSHOP\OneStep_BabyShop\users\serializers.py changed, reloading.
Watching for file changes with StatReloader
C:\Users\pc\Projects\BABYSHOP\OneStep_BabyShop\users\views.py changed, reloading.
Watching for file changes with StatReloader
C:\Users\pc\Projects\BABYSHOP\OneStep_BabyShop\users\utils.py changed, reloading.
Watching for file changes with StatReloader
C:\Users\pc\Projects\BABYSHOP\OneStep_BabyShop\users\views.py changed, reloading.
Watching for file changes with StatReloader
C:\Users\pc\Projects\BABYSHOP\OneStep_BabyShop\users\urls.py changed, reloading.
Watching for file changes with StatReloader
C:\Users\pc\Projects\BABYSHOP\OneStep_BabyShop\users\utils.py changed, reloading.
Watching for file changes with StatReloader
C:\Users\pc\Projects\BABYSHOP\OneStep_BabyShop\users\admin.py changed, reloading.
Watching for file changes with StatReloader
Watching for file changes with StatReloader
C:\Users\pc\Projects\BABYSHOP\OneStep_BabyShop\users\serializers.py changed, reloading.
Watching for file changes with StatReloader
C:\Users\pc\Projects\BABYSHOP\OneStep_BabyShop\users\admin.py changed, reloading.
Watching for file changes with StatReloader
C:\Users\pc\Projects\BABYSHOP\OneStep_BabyShop\users\admin.py changed, reloading.
Watching for file changes with StatReloader
C:\Users\pc\Projects\BABYSHOP\OneStep_BabyShop\users\admin.py changed, reloading.
Watching for file changes with StatReloader
Method Not Allowed: /api/v1/auth/register/
Not Found: /token/
C:\Users\pc\Projects\BABYSHOP\OneStep_BabyShop\users\admin.py changed, reloading.
Watching for file changes with StatReloader
Internal Server Error: /api/token
Traceback (most recent call last):
  File "C:\Users\pc\Projects\BABYSHOP\OneStep_BabyShop\venv\Lib\site-packages\django\core\handlers\exception.py", line 55, in inner
    response = get_response(request)
  File "C:\Users\pc\Projects\BABYSHOP\OneStep_BabyShop\venv\Lib\site-packages\django\utils\deprecation.py", line 311, in __call__
    response = self.process_response(request, response)
  File "C:\Users\pc\Projects\BABYSHOP\OneStep_BabyShop\venv\Lib\site-packages\django\middleware\common.py", line 109, in process_response
    self.get_full_path_with_slash(request)
    ~~~~~~~~~~~~~~~~~~~~~~~~~~~~~^^^^^^^^^
  File "C:\Users\pc\Projects\BABYSHOP\OneStep_BabyShop\venv\Lib\site-packages\django\middleware\common.py", line 87, in get_full_path_with_slash
    raise RuntimeError(
    ...<9 lines>...
    )
RuntimeError: You called this URL via POST, but the URL doesn't end in a slash and you have APPEND_SLASH set. Django can't redirect to the slash URL while maintaining POST data. Change your form to point to localhost:8000/api/token/ (note the trailing slash), or set APPEND_SLASH=False in your Django settings.
Password reset email sent to elisrendaivy@gmail.com
Internal Server Error: /api/v1/auth/password-reset/validate/e3ecafe9-a177-4eb2-a5d0-9d53a64a0d54/
Traceback (most recent call last):
  File "C:\Users\pc\Projects\BABYSHOP\OneStep_BabyShop\venv\Lib\site-packages\django\core\handlers\exception.py", line 55, in inner
    response = get_response(request)
  File "C:\Users\pc\Projects\BABYSHOP\OneStep_BabyShop\venv\Lib\site-packages\django\core\handlers\base.py", line 198, in _get_response
    response = wrapped_callback(request, *callback_args, **callback_kwargs)
  File "C:\Users\pc\Projects\BABYSHOP\OneStep_BabyShop\venv\Lib\site-packages\django\views\decorators\csrf.py", line 65, in _view_wrapper
    return view_func(request, *args, **kwargs)
  File "C:\Users\pc\Projects\BABYSHOP\OneStep_BabyShop\venv\Lib\site-packages\django\views\generic\base.py", line 106, in view
    return self.dispatch(request, *args, **kwargs)
           ~~~~~~~~~~~~~^^^^^^^^^^^^^^^^^^^^^^^^^^
  File "C:\Users\pc\Projects\BABYSHOP\OneStep_BabyShop\venv\Lib\site-packages\rest_framework\views.py", line 515, in dispatch
    response = self.handle_exception(exc)
  File "C:\Users\pc\Projects\BABYSHOP\OneStep_BabyShop\venv\Lib\site-packages\rest_framework\views.py", line 475, in handle_exception
    self.raise_uncaught_exception(exc)
    ~~~~~~~~~~~~~~~~~~~~~~~~~~~~~^^^^^
  File "C:\Users\pc\Projects\BABYSHOP\OneStep_BabyShop\venv\Lib\site-packages\rest_framework\views.py", line 486, in raise_uncaught_exception
    raise exc
  File "C:\Users\pc\Projects\BABYSHOP\OneStep_BabyShop\venv\Lib\site-packages\rest_framework\views.py", line 512, in dispatch
    response = handler(request, *args, **kwargs)
  File "C:\Users\pc\Projects\BABYSHOP\OneStep_BabyShop\users\views.py", line 358, in get
    "email":reset_token.email,
            ^^^^^^^^^^^^^^^^^
AttributeError: 'PasswordResetToken' object has no attribute 'email'
C:\Users\pc\Projects\BABYSHOP\OneStep_BabyShop\users\views.py changed, reloading.
Watching for file changes with StatReloader
Internal Server Error: /api/v1/auth/password-reset/confirm/
Traceback (most recent call last):
  File "C:\Users\pc\Projects\BABYSHOP\OneStep_BabyShop\venv\Lib\site-packages\django\core\handlers\exception.py", line 55, in inner
    response = get_response(request)
  File "C:\Users\pc\Projects\BABYSHOP\OneStep_BabyShop\venv\Lib\site-packages\django\core\handlers\base.py", line 198, in _get_response
    response = wrapped_callback(request, *callback_args, **callback_kwargs)
  File "C:\Users\pc\Projects\BABYSHOP\OneStep_BabyShop\venv\Lib\site-packages\django\views\decorators\csrf.py", line 65, in _view_wrapper
    return view_func(request, *args, **kwargs)
  File "C:\Users\pc\Projects\BABYSHOP\OneStep_BabyShop\venv\Lib\site-packages\django\views\generic\base.py", line 106, in view
    return self.dispatch(request, *args, **kwargs)
           ~~~~~~~~~~~~~^^^^^^^^^^^^^^^^^^^^^^^^^^
  File "C:\Users\pc\Projects\BABYSHOP\OneStep_BabyShop\venv\Lib\site-packages\rest_framework\views.py", line 515, in dispatch
    response = self.handle_exception(exc)
  File "C:\Users\pc\Projects\BABYSHOP\OneStep_BabyShop\venv\Lib\site-packages\rest_framework\views.py", line 475, in handle_exception
    self.raise_uncaught_exception(exc)
    ~~~~~~~~~~~~~~~~~~~~~~~~~~~~~^^^^^
  File "C:\Users\pc\Projects\BABYSHOP\OneStep_BabyShop\venv\Lib\site-packages\rest_framework\views.py", line 486, in raise_uncaught_exception
    raise exc
  File "C:\Users\pc\Projects\BABYSHOP\OneStep_BabyShop\venv\Lib\site-packages\rest_framework\views.py", line 512, in dispatch
    response = handler(request, *args, **kwargs)
  File "C:\Users\pc\Projects\BABYSHOP\OneStep_BabyShop\users\views.py", line 331, in post
    serializer.is_valid(raise_exception=True)
    ~~~~~~~~~~~~~~~~~~~^^^^^^^^^^^^^^^^^^^^^^
  File "C:\Users\pc\Projects\BABYSHOP\OneStep_BabyShop\venv\Lib\site-packages\rest_framework\serializers.py", line 225, in is_valid
    self._validated_data = self.run_validation(self.initial_data)
                           ~~~~~~~~~~~~~~~~~~~^^^^^^^^^^^^^^^^^^^
  File "C:\Users\pc\Projects\BABYSHOP\OneStep_BabyShop\venv\Lib\site-packages\rest_framework\serializers.py", line 447, in run_validation
    value = self.validate(value)
  File "C:\Users\pc\Projects\BABYSHOP\OneStep_BabyShop\users\serializers.py", line 265, in validate
    reset_token = PasswordResetToken.objects.get(tokrn=token)
  File "C:\Users\pc\Projects\BABYSHOP\OneStep_BabyShop\venv\Lib\site-packages\django\db\models\manager.py", line 87, in manager_method
    return getattr(self.get_queryset(), name)(*args, **kwargs)
           ~~~~~~~~~~~~~~~~~~~~~~~~~~~~~~~~~~^^^^^^^^^^^^^^^^^
  File "C:\Users\pc\Projects\BABYSHOP\OneStep_BabyShop\venv\Lib\site-packages\django\db\models\query.py", line 625, in get
    clone = self._chain() if self.query.combinator else self.filter(*args, **kwargs)
                                                        ~~~~~~~~~~~^^^^^^^^^^^^^^^^^
  File "C:\Users\pc\Projects\BABYSHOP\OneStep_BabyShop\venv\Lib\site-packages\django\db\models\query.py", line 1542, in filter
    return self._filter_or_exclude(False, args, kwargs)
           ~~~~~~~~~~~~~~~~~~~~~~~^^^^^^^^^^^^^^^^^^^^^
  File "C:\Users\pc\Projects\BABYSHOP\OneStep_BabyShop\venv\Lib\site-packages\django\db\models\query.py", line 1560, in _filter_or_exclude
    clone._filter_or_exclude_inplace(negate, args, kwargs)
    ~~~~~~~~~~~~~~~~~~~~~~~~~~~~~~~~^^^^^^^^^^^^^^^^^^^^^^
  File "C:\Users\pc\Projects\BABYSHOP\OneStep_BabyShop\venv\Lib\site-packages\django\db\models\query.py", line 1570, in _filter_or_exclude_inplace
    self._query.add_q(Q(*args, **kwargs))
    ~~~~~~~~~~~~~~~~~^^^^^^^^^^^^^^^^^^^^
  File "C:\Users\pc\Projects\BABYSHOP\OneStep_BabyShop\venv\Lib\site-packages\django\db\models\sql\query.py", line 1671, in add_q
    clause, _ = self._add_q(q_object, can_reuse)
                ~~~~~~~~~~~^^^^^^^^^^^^^^^^^^^^^
  File "C:\Users\pc\Projects\BABYSHOP\OneStep_BabyShop\venv\Lib\site-packages\django\db\models\sql\query.py", line 1703, in _add_q
    child_clause, needed_inner = self.build_filter(
                                 ~~~~~~~~~~~~~~~~~^
        child,
        ^^^^^^
    ...<7 lines>...
        update_join_types=update_join_types,
        ^^^^^^^^^^^^^^^^^^^^^^^^^^^^^^^^^^^^
    )
    ^
  File "C:\Users\pc\Projects\BABYSHOP\OneStep_BabyShop\venv\Lib\site-packages\django\db\models\sql\query.py", line 1551, in build_filter
    lookups, parts, reffed_expression = self.solve_lookup_type(arg, summarize)
                                        ~~~~~~~~~~~~~~~~~~~~~~^^^^^^^^^^^^^^^^
  File "C:\Users\pc\Projects\BABYSHOP\OneStep_BabyShop\venv\Lib\site-packages\django\db\models\sql\query.py", line 1358, in solve_lookup_type
    _, field, _, lookup_parts = self.names_to_path(lookup_splitted, self.get_meta())
                                ~~~~~~~~~~~~~~~~~~^^^^^^^^^^^^^^^^^^^^^^^^^^^^^^^^^^
  File "C:\Users\pc\Projects\BABYSHOP\OneStep_BabyShop\venv\Lib\site-packages\django\db\models\sql\query.py", line 1832, in names_to_path
    raise FieldError(
    ...<2 lines>...
    )
django.core.exceptions.FieldError: Cannot resolve keyword 'tokrn' into field. Choices are: created_at, expires_at, id, is_used, token, used_at, user, user_id
C:\Users\pc\Projects\BABYSHOP\OneStep_BabyShop\users\serializers.py changed, reloading.
Watching for file changes with StatReloader
Password reset success email sent to elisrendaivy@gmail.com
C:\Users\pc\Projects\BABYSHOP\OneStep_BabyShop\babyshop_backend\settings.py changed, reloading.
Watching for file changes with StatReloader
Watching for file changes with StatReloader
C:\Users\pc\Projects\BABYSHOP\OneStep_BabyShop\babyshop_backend\settings.py changed, reloading.
Watching for file changes with StatReloader
Watching for file changes with StatReloader
Not Found: /
Not Found: /favicon.ico
C:\Users\pc\Projects\BABYSHOP\OneStep_BabyShop\users\utils.py changed, reloading.
Watching for file changes with StatReloader
C:\Users\pc\Projects\BABYSHOP\OneStep_BabyShop\users\utils.py changed, reloading.
Watching for file changes with StatReloader
C:\Users\pc\Projects\BABYSHOP\OneStep_BabyShop\users\utils.py changed, reloading.
Watching for file changes with StatReloader
C:\Users\pc\Projects\BABYSHOP\OneStep_BabyShop\babyshop_backend\settings.py changed, reloading.
Watching for file changes with StatReloader
C:\Users\pc\Projects\BABYSHOP\OneStep_BabyShop\babyshop_backend\settings.py changed, reloading.
Watching for file changes with StatReloader
C:\Users\pc\Projects\BABYSHOP\OneStep_BabyShop\babyshop_backend\settings.py changed, reloading.
Watching for file changes with StatReloader
C:\Users\pc\Projects\BABYSHOP\OneStep_BabyShop\users\utils.py changed, reloading.
Watching for file changes with StatReloader
C:\Users\pc\Projects\BABYSHOP\OneStep_BabyShop\babyshop_backend\settings.py changed, reloading.
Watching for file changes with StatReloader
C:\Users\pc\Projects\BABYSHOP\OneStep_BabyShop\babyshop_backend\settings.py changed, reloading.
Watching for file changes with StatReloader
Not Found: /
Not Found: /favicon.ico
Not Found: /api/v1/register/
Not Found: /api/v1/register/
Method Not Allowed: /api/v1/auth/register/
Not Found: /api/v1/auth/
C:\Users\pc\Projects\BABYSHOP\OneStep_BabyShop\users\utils.py changed, reloading.
Watching for file changes with StatReloader
C:\Users\pc\Projects\BABYSHOP\OneStep_BabyShop\users\serializers.py changed, reloading.
Watching for file changes with StatReloader
Watching for file changes with StatReloader
C:\Users\pc\Projects\BABYSHOP\OneStep_BabyShop\products\serializers.py changed, reloading.
Watching for file changes with StatReloader
C:\Users\pc\Projects\BABYSHOP\OneStep_BabyShop\products\serializers.py changed, reloading.
Watching for file changes with StatReloader
C:\Users\pc\Projects\BABYSHOP\OneStep_BabyShop\products\serializers.py changed, reloading.
Watching for file changes with StatReloader
C:\Users\pc\Projects\BABYSHOP\OneStep_BabyShop\products\serializers.py changed, reloading.
Watching for file changes with StatReloader
C:\Users\pc\Projects\BABYSHOP\OneStep_BabyShop\products\views.py changed, reloading.
Watching for file changes with StatReloader
C:\Users\pc\Projects\BABYSHOP\OneStep_BabyShop\products\serializers.py changed, reloading.
Watching for file changes with StatReloader
C:\Users\pc\Projects\BABYSHOP\OneStep_BabyShop\products\serializers.py changed, reloading.
Watching for file changes with StatReloader
C:\Users\pc\Projects\BABYSHOP\OneStep_BabyShop\products\serializers.py changed, reloading.
Watching for file changes with StatReloader
C:\Users\pc\Projects\BABYSHOP\OneStep_BabyShop\products\urls.py changed, reloading.
Watching for file changes with StatReloader
Not Found: /
Not Found: /favicon.ico
C:\Users\pc\Projects\BABYSHOP\OneStep_BabyShop\products\urls.py changed, reloading.
Watching for file changes with StatReloader
C:\Users\pc\Projects\BABYSHOP\OneStep_BabyShop\products\views.py changed, reloading.
Watching for file changes with StatReloader
C:\Users\pc\Projects\BABYSHOP\OneStep_BabyShop\products\serializers.py changed, reloading.
Watching for file changes with StatReloader
C:\Users\pc\Projects\BABYSHOP\OneStep_BabyShop\products\views.py changed, reloading.
Watching for file changes with StatReloader
C:\Users\pc\Projects\BABYSHOP\OneStep_BabyShop\products\views.py changed, reloading.
Watching for file changes with StatReloader
C:\Users\pc\Projects\BABYSHOP\OneStep_BabyShop\products\serializers.py changed, reloading.
Watching for file changes with StatReloader
C:\Users\pc\Projects\BABYSHOP\OneStep_BabyShop\products\models.py changed, reloading.
Watching for file changes with StatReloader
C:\Users\pc\Projects\BABYSHOP\OneStep_BabyShop\products\urls.py changed, reloading.
Watching for file changes with StatReloader
C:\Users\pc\Projects\BABYSHOP\OneStep_BabyShop\products\models.py changed, reloading.
Watching for file changes with StatReloader
C:\Users\pc\Projects\BABYSHOP\OneStep_BabyShop\products\models.py changed, reloading.
Watching for file changes with StatReloader
C:\Users\pc\Projects\BABYSHOP\OneStep_BabyShop\products\models.py changed, reloading.
Watching for file changes with StatReloader
C:\Users\pc\Projects\BABYSHOP\OneStep_BabyShop\products\models.py changed, reloading.
Watching for file changes with StatReloader
C:\Users\pc\Projects\BABYSHOP\OneStep_BabyShop\babyshop_backend\urls.py changed, reloading.
Watching for file changes with StatReloader
Method Not Allowed: /api/v1/products/organic-cotton-baby-onesie/update/
Bad Request: /api/v1/products/organic-cotton-baby-onesie/update/
Internal Server Error: /api/v1/products/organic-cotton-baby-onesie/update/
Traceback (most recent call last):
  File "C:\Users\pc\Projects\BABYSHOP\OneStep_BabyShop\venv\Lib\site-packages\django\core\handlers\exception.py", line 55, in inner
    response = get_response(request)
  File "C:\Users\pc\Projects\BABYSHOP\OneStep_BabyShop\venv\Lib\site-packages\django\core\handlers\base.py", line 198, in _get_response
    response = wrapped_callback(request, *callback_args, **callback_kwargs)
  File "C:\Users\pc\Projects\BABYSHOP\OneStep_BabyShop\venv\Lib\site-packages\django\views\decorators\csrf.py", line 65, in _view_wrapper
    return view_func(request, *args, **kwargs)
  File "C:\Users\pc\Projects\BABYSHOP\OneStep_BabyShop\venv\Lib\site-packages\django\views\generic\base.py", line 106, in view
    return self.dispatch(request, *args, **kwargs)
           ~~~~~~~~~~~~~^^^^^^^^^^^^^^^^^^^^^^^^^^
  File "C:\Users\pc\Projects\BABYSHOP\OneStep_BabyShop\venv\Lib\site-packages\rest_framework\views.py", line 515, in dispatch
    response = self.handle_exception(exc)
  File "C:\Users\pc\Projects\BABYSHOP\OneStep_BabyShop\venv\Lib\site-packages\rest_framework\views.py", line 475, in handle_exception
    self.raise_uncaught_exception(exc)
    ~~~~~~~~~~~~~~~~~~~~~~~~~~~~~^^^^^
  File "C:\Users\pc\Projects\BABYSHOP\OneStep_BabyShop\venv\Lib\site-packages\rest_framework\views.py", line 486, in raise_uncaught_exception
    raise exc
  File "C:\Users\pc\Projects\BABYSHOP\OneStep_BabyShop\venv\Lib\site-packages\rest_framework\views.py", line 512, in dispatch
    response = handler(request, *args, **kwargs)
  File "C:\Users\pc\Projects\BABYSHOP\OneStep_BabyShop\venv\Lib\site-packages\rest_framework\generics.py", line 233, in patch
    return self.partial_update(request, *args, **kwargs)
           ~~~~~~~~~~~~~~~~~~~^^^^^^^^^^^^^^^^^^^^^^^^^^
  File "C:\Users\pc\Projects\BABYSHOP\OneStep_BabyShop\venv\Lib\site-packages\rest_framework\mixins.py", line 82, in partial_update
    return self.update(request, *args, **kwargs)
           ~~~~~~~~~~~^^^^^^^^^^^^^^^^^^^^^^^^^^
  File "C:\Users\pc\Projects\BABYSHOP\OneStep_BabyShop\venv\Lib\site-packages\rest_framework\mixins.py", line 75, in update
    return Response(serializer.data)
                    ^^^^^^^^^^^^^^^
  File "C:\Users\pc\Projects\BABYSHOP\OneStep_BabyShop\venv\Lib\site-packages\rest_framework\serializers.py", line 573, in data
    ret = super().data
          ^^^^^^^^^^^^
  File "C:\Users\pc\Projects\BABYSHOP\OneStep_BabyShop\venv\Lib\site-packages\rest_framework\serializers.py", line 251, in data
    self._data = self.to_representation(self.instance)
                 ~~~~~~~~~~~~~~~~~~~~~~^^^^^^^^^^^^^^^
  File "C:\Users\pc\Projects\BABYSHOP\OneStep_BabyShop\venv\Lib\site-packages\rest_framework\serializers.py", line 540, in to_representation
    ret[field.field_name] = field.to_representation(attribute)
                            ~~~~~~~~~~~~~~~~~~~~~~~^^^^^^^^^^^
  File "C:\Users\pc\Projects\BABYSHOP\OneStep_BabyShop\venv\Lib\site-packages\rest_framework\serializers.py", line 716, in to_representation
    self.child.to_representation(item) for item in iterable
    ~~~~~~~~~~~~~~~~~~~~~~~~~~~~^^^^^^
  File "C:\Users\pc\Projects\BABYSHOP\OneStep_BabyShop\venv\Lib\site-packages\rest_framework\serializers.py", line 525, in to_representation
    for field in fields:
                 ^^^^^^
  File "C:\Users\pc\Projects\BABYSHOP\OneStep_BabyShop\venv\Lib\site-packages\rest_framework\serializers.py", line 386, in _readable_fields
    for field in self.fields.values():
                 ^^^^^^^^^^^
  File "C:\Users\pc\Projects\BABYSHOP\OneStep_BabyShop\venv\Lib\site-packages\django\utils\functional.py", line 47, in __get__
    res = instance.__dict__[self.name] = self.func(instance)
                                         ~~~~~~~~~^^^^^^^^^^
  File "C:\Users\pc\Projects\BABYSHOP\OneStep_BabyShop\venv\Lib\site-packages\rest_framework\serializers.py", line 374, in fields
    for key, value in self.get_fields().items():
                      ~~~~~~~~~~~~~~~^^
  File "C:\Users\pc\Projects\BABYSHOP\OneStep_BabyShop\venv\Lib\site-packages\rest_framework\serializers.py", line 1105, in get_fields
    field_class, field_kwargs = self.build_field(
                                ~~~~~~~~~~~~~~~~^
        source, info, model, depth
        ^^^^^^^^^^^^^^^^^^^^^^^^^^
    )
    ^
  File "C:\Users\pc\Projects\BABYSHOP\OneStep_BabyShop\venv\Lib\site-packages\rest_framework\serializers.py", line 1251, in build_field
    return self.build_unknown_field(field_name, model_class)
           ~~~~~~~~~~~~~~~~~~~~~~~~^^^^^^^^^^^^^^^^^^^^^^^^^
  File "C:\Users\pc\Projects\BABYSHOP\OneStep_BabyShop\venv\Lib\site-packages\rest_framework\serializers.py", line 1369, in build_unknown_field
    raise ImproperlyConfigured(
    ...<2 lines>...
    )
django.core.exceptions.ImproperlyConfigured: Field name `oredr` is not valid for model `ProductImage` in `products.serializers.ProductImageSerializer`.
Bad Request: /api/v1/products/organic-cotton-baby-onesie/update/
C:\Users\pc\Projects\BABYSHOP\OneStep_BabyShop\products\serializers.py changed, reloading.
Watching for file changes with StatReloader
C:\Users\pc\Projects\BABYSHOP\OneStep_BabyShop\products\serializers.py changed, reloading.
Watching for file changes with StatReloader
C:\Users\pc\Projects\BABYSHOP\OneStep_BabyShop\products\views.py changed, reloading.
Watching for file changes with StatReloader
Bad Request: /api/v1/products/organic-cotton-baby-onesie/update/
C:\Users\pc\Projects\BABYSHOP\OneStep_BabyShop\products\views.py changed, reloading.
Watching for file changes with StatReloader
C:\Users\pc\Projects\BABYSHOP\OneStep_BabyShop\products\serializers.py changed, reloading.
Watching for file changes with StatReloader
Bad Request: /api/v1/products/organic-cotton-baby-onesie/update/
C:\Users\pc\Projects\BABYSHOP\OneStep_BabyShop\products\serializers.py changed, reloading.
Watching for file changes with StatReloader
Method Not Allowed: /api/token/
Bad Request: /api/token/
Bad Request: /api/token/
Bad Request: /api/token/
Method Not Allowed: /api/v1/wishlist/check-products/
Not Found: /api/v1/token/
Not Found: /api/v1/token/
Method Not Allowed: /api/v1/products/
Internal Server Error: /api/v1/products/
Traceback (most recent call last):
  File "C:\Users\pc\Projects\BABYSHOP\OneStep_BabyShop\venv\Lib\site-packages\django\core\handlers\exception.py", line 55, in inner
    response = get_response(request)
  File "C:\Users\pc\Projects\BABYSHOP\OneStep_BabyShop\venv\Lib\site-packages\django\core\handlers\base.py", line 198, in _get_response
    response = wrapped_callback(request, *callback_args, **callback_kwargs)
  File "C:\Users\pc\Projects\BABYSHOP\OneStep_BabyShop\venv\Lib\site-packages\django\views\decorators\csrf.py", line 65, in _view_wrapper
    return view_func(request, *args, **kwargs)
  File "C:\Users\pc\Projects\BABYSHOP\OneStep_BabyShop\venv\Lib\site-packages\django\views\generic\base.py", line 106, in view
    return self.dispatch(request, *args, **kwargs)
           ~~~~~~~~~~~~~^^^^^^^^^^^^^^^^^^^^^^^^^^
  File "C:\Users\pc\Projects\BABYSHOP\OneStep_BabyShop\venv\Lib\site-packages\rest_framework\views.py", line 515, in dispatch
    response = self.handle_exception(exc)
  File "C:\Users\pc\Projects\BABYSHOP\OneStep_BabyShop\venv\Lib\site-packages\rest_framework\views.py", line 475, in handle_exception
    self.raise_uncaught_exception(exc)
    ~~~~~~~~~~~~~~~~~~~~~~~~~~~~~^^^^^
  File "C:\Users\pc\Projects\BABYSHOP\OneStep_BabyShop\venv\Lib\site-packages\rest_framework\views.py", line 486, in raise_uncaught_exception
    raise exc
  File "C:\Users\pc\Projects\BABYSHOP\OneStep_BabyShop\venv\Lib\site-packages\rest_framework\views.py", line 512, in dispatch
    response = handler(request, *args, **kwargs)
  File "C:\Users\pc\Projects\BABYSHOP\OneStep_BabyShop\venv\Lib\site-packages\rest_framework\generics.py", line 203, in get
    return self.list(request, *args, **kwargs)
           ~~~~~~~~~^^^^^^^^^^^^^^^^^^^^^^^^^^
  File "C:\Users\pc\Projects\BABYSHOP\OneStep_BabyShop\venv\Lib\site-packages\rest_framework\mixins.py", line 46, in list
    return Response(serializer.data)
                    ^^^^^^^^^^^^^^^
  File "C:\Users\pc\Projects\BABYSHOP\OneStep_BabyShop\venv\Lib\site-packages\rest_framework\serializers.py", line 797, in data
    ret = super().data
          ^^^^^^^^^^^^
  File "C:\Users\pc\Projects\BABYSHOP\OneStep_BabyShop\venv\Lib\site-packages\rest_framework\serializers.py", line 251, in data
    self._data = self.to_representation(self.instance)
                 ~~~~~~~~~~~~~~~~~~~~~~^^^^^^^^^^^^^^^
  File "C:\Users\pc\Projects\BABYSHOP\OneStep_BabyShop\venv\Lib\site-packages\rest_framework\serializers.py", line 716, in to_representation
    self.child.to_representation(item) for item in iterable
    ~~~~~~~~~~~~~~~~~~~~~~~~~~~~^^^^^^
  File "C:\Users\pc\Projects\BABYSHOP\OneStep_BabyShop\venv\Lib\site-packages\rest_framework\serializers.py", line 540, in to_representation
    ret[field.field_name] = field.to_representation(attribute)
                            ~~~~~~~~~~~~~~~~~~~~~~~^^^^^^^^^^^
  File "C:\Users\pc\Projects\BABYSHOP\OneStep_BabyShop\venv\Lib\site-packages\rest_framework\fields.py", line 1870, in to_representation
    return method(value)
  File "C:\Users\pc\Projects\BABYSHOP\OneStep_BabyShop\products\serializers.py", line 250, in get_primary_image
    return primary_image.image.url
           ^^^^^^^^^^^^^^^^^^^^^^^
  File "C:\Users\pc\Projects\BABYSHOP\OneStep_BabyShop\venv\Lib\site-packages\django\db\models\fields\files.py", line 68, in url
    self._require_file()
    ~~~~~~~~~~~~~~~~~~^^
  File "C:\Users\pc\Projects\BABYSHOP\OneStep_BabyShop\venv\Lib\site-packages\django\db\models\fields\files.py", line 43, in _require_file
    raise ValueError(
        "The '%s' attribute has no file associated with it." % self.field.name
    )
ValueError: The 'image' attribute has no file associated with it.
C:\Users\pc\Projects\BABYSHOP\OneStep_BabyShop\products\serializers.py changed, reloading.
Watching for file changes with StatReloader
Bad Request: /api/v1/products/
C:\Users\pc\Projects\BABYSHOP\OneStep_BabyShop\products\models.py changed, reloading.
Watching for file changes with StatReloader
C:\Users\pc\Projects\BABYSHOP\OneStep_BabyShop\products\serializers.py changed, reloading.
Watching for file changes with StatReloader
C:\Users\pc\Projects\BABYSHOP\OneStep_BabyShop\products\serializers.py changed, reloading.
Watching for file changes with StatReloader
C:\Users\pc\Projects\BABYSHOP\OneStep_BabyShop\products\serializers.py changed, reloading.
Watching for file changes with StatReloader
C:\Users\pc\Projects\BABYSHOP\OneStep_BabyShop\products\views.py changed, reloading.
Watching for file changes with StatReloader
C:\Users\pc\Projects\BABYSHOP\OneStep_BabyShop\products\views.py changed, reloading.
Watching for file changes with StatReloader
C:\Users\pc\Projects\BABYSHOP\OneStep_BabyShop\products\views.py changed, reloading.
Watching for file changes with StatReloader
C:\Users\pc\Projects\BABYSHOP\OneStep_BabyShop\products\views.py changed, reloading.
Watching for file changes with StatReloader
C:\Users\pc\Projects\BABYSHOP\OneStep_BabyShop\products\urls.py changed, reloading.
Watching for file changes with StatReloader
C:\Users\pc\Projects\BABYSHOP\OneStep_BabyShop\products\urls.py changed, reloading.
Watching for file changes with StatReloader
C:\Users\pc\Projects\BABYSHOP\OneStep_BabyShop\products\urls.py changed, reloading.
Watching for file changes with StatReloader
C:\Users\pc\Projects\BABYSHOP\OneStep_BabyShop\products\views.py changed, reloading.
Watching for file changes with StatReloader
C:\Users\pc\Projects\BABYSHOP\OneStep_BabyShop\products\serializers.py changed, reloading.
Watching for file changes with StatReloader
Not Found: /api/v1//products/organic-cotton-baby-onesie/reviews/
Method Not Allowed: /api/v1/user/reviews/
Bad Request: /api/v1/reviews/
Bad Request: /api/v1/reviews/
Bad Request: /api/v1/reviews/
Internal Server Error: /api/v1/reviews/1
Traceback (most recent call last):
  File "C:\Users\pc\Projects\BABYSHOP\OneStep_BabyShop\venv\Lib\site-packages\django\core\handlers\exception.py", line 55, in inner
    response = get_response(request)
  File "C:\Users\pc\Projects\BABYSHOP\OneStep_BabyShop\venv\Lib\site-packages\django\utils\deprecation.py", line 311, in __call__
    response = self.process_response(request, response)
  File "C:\Users\pc\Projects\BABYSHOP\OneStep_BabyShop\venv\Lib\site-packages\django\middleware\common.py", line 109, in process_response
    self.get_full_path_with_slash(request)
    ~~~~~~~~~~~~~~~~~~~~~~~~~~~~~^^^^^^^^^
  File "C:\Users\pc\Projects\BABYSHOP\OneStep_BabyShop\venv\Lib\site-packages\django\middleware\common.py", line 87, in get_full_path_with_slash
    raise RuntimeError(
    ...<9 lines>...
    )
RuntimeError: You called this URL via POST, but the URL doesn't end in a slash and you have APPEND_SLASH set. Django can't redirect to the slash URL while maintaining POST data. Change your form to point to 127.0.0.1:8000/api/v1/reviews/1/ (note the trailing slash), or set APPEND_SLASH=False in your Django settings.
Bad Request: /api/v1/reviews/1/
C:\Users\pc\Projects\BABYSHOP\OneStep_BabyShop\products\serializers.py changed, reloading.
Watching for file changes with StatReloader
C:\Users\pc\Projects\BABYSHOP\OneStep_BabyShop\products\views.py changed, reloading.
Watching for file changes with StatReloader
Bad Request: /api/v1/reviews/1/
Bad Request: /api/v1/reviews/1/
C:\Users\pc\Projects\BABYSHOP\OneStep_BabyShop\products\views.py changed, reloading.
Watching for file changes with StatReloader
C:\Users\pc\Projects\BABYSHOP\OneStep_BabyShop\products\serializers.py changed, reloading.
Watching for file changes with StatReloader
Bad Request: /api/v1/reviews/1/
Bad Request: /api/v1/reviews/1/
Bad Request: /api/v1/reviews/
Bad Request: /api/v1/reviews/
Bad Request: /api/v1/reviews/
Bad Request: /api/v1/reviews/
Not Found: /api/api/v1/reviews/
Not Found: /api/v1/reviews/1/
Not Found: /api/v1/reviews/2/
Not Found: /api/v1/reviews/4/
Not Found: /api/v1/reviews/3/
Not Found: /api/v1/reviews/1/
Not Found: /api/v1/reviews/5/
Not Found: /api/v1/reviews/4/
Bad Request: /api/v1/reviews/
Bad Request: /api/v1/reviews/
Bad Request: /api/v1/reviews/
Bad Request: /api/v1/reviews/13/
Method Not Allowed: /api/v1/reviews/13/helpful/
Method Not Allowed: /api/v1/reviews/13/helpful/
Not Found: /api/v1/reviews/13/helpful/
Not Found: /api/v1/reviews/13/helpful/
Method Not Allowed: /api/v1/reviews/
Not Found: /api/v1/reviews/13/helpful/
Method Not Allowed: /api/v1/reviews/9/helpful/
Method Not Allowed: /api/v1/reviews/9/helpful/
Bad Request: /api/v1/reviews/9/helpful/
Not Found: /api/v1/reviews/9/
Not Found: /api/v1/reviews/1/
Not Found: /api/v1/reviews/9/
Not Found: /api/v1/ureviews/13/
Not Found: /api/v1/reviews/inactive/
Method Not Allowed: /api/v1/admin/reviews/13/restore/
Not Found: /api/v1/reviews/13/helpful/
Not Found: /api/v1/reviews/13/helpful/
Bad Request: /api/v1/reviews/9/helpful/
C:\Users\pc\Projects\BABYSHOP\OneStep_BabyShop\products\views.py changed, reloading.
Watching for file changes with StatReloader
C:\Users\pc\Projects\BABYSHOP\OneStep_BabyShop\products\urls.py changed, reloading.
Watching for file changes with StatReloader
C:\Users\pc\Projects\BABYSHOP\OneStep_BabyShop\products\urls.py changed, reloading.
Watching for file changes with StatReloader
C:\Users\pc\Projects\BABYSHOP\OneStep_BabyShop\products\views.py changed, reloading.
Watching for file changes with StatReloader
Method Not Allowed: /api/v1/variants/28/
Not Found: /api/v1/variants/28/inactive/
Method Not Allowed: /api/v1/variants/28/restore/
Not Found: /api/v1/variants/bulk-stock-update/
Not Found: /api/v1/variants/bulk-stock-update/
Method Not Allowed: /api/v1/variants/by-product/organic-cotton-baby-onesie/
C:\Users\pc\Projects\BABYSHOP\OneStep_BabyShop\products\urls.py changed, reloading.
Watching for file changes with StatReloader
C:\Users\pc\Projects\BABYSHOP\OneStep_BabyShop\products\views.py changed, reloading.
Watching for file changes with StatReloader
C:\Users\pc\Projects\BABYSHOP\OneStep_BabyShop\products\views.py changed, reloading.
Watching for file changes with StatReloader
C:\Users\pc\Projects\BABYSHOP\OneStep_BabyShop\products\views.py changed, reloading.
Watching for file changes with StatReloader
C:\Users\pc\Projects\BABYSHOP\OneStep_BabyShop\products\urls.py changed, reloading.
Watching for file changes with StatReloader
C:\Users\pc\Projects\BABYSHOP\OneStep_BabyShop\products\views.py changed, reloading.
Watching for file changes with StatReloader
Internal Server Error: /api/v1/products/organic-cotton-baby-onesie/
Traceback (most recent call last):
  File "C:\Users\pc\Projects\BABYSHOP\OneStep_BabyShop\venv\Lib\site-packages\django\core\handlers\exception.py", line 55, in inner
    response = get_response(request)
  File "C:\Users\pc\Projects\BABYSHOP\OneStep_BabyShop\venv\Lib\site-packages\django\core\handlers\base.py", line 198, in _get_response
    response = wrapped_callback(request, *callback_args, **callback_kwargs)
  File "C:\Users\pc\Projects\BABYSHOP\OneStep_BabyShop\venv\Lib\site-packages\django\views\decorators\csrf.py", line 65, in _view_wrapper
    return view_func(request, *args, **kwargs)
  File "C:\Users\pc\Projects\BABYSHOP\OneStep_BabyShop\venv\Lib\site-packages\django\views\generic\base.py", line 106, in view
    return self.dispatch(request, *args, **kwargs)
           ~~~~~~~~~~~~~^^^^^^^^^^^^^^^^^^^^^^^^^^
  File "C:\Users\pc\Projects\BABYSHOP\OneStep_BabyShop\venv\Lib\site-packages\rest_framework\views.py", line 515, in dispatch
    response = self.handle_exception(exc)
  File "C:\Users\pc\Projects\BABYSHOP\OneStep_BabyShop\venv\Lib\site-packages\rest_framework\views.py", line 475, in handle_exception
    self.raise_uncaught_exception(exc)
    ~~~~~~~~~~~~~~~~~~~~~~~~~~~~~^^^^^
  File "C:\Users\pc\Projects\BABYSHOP\OneStep_BabyShop\venv\Lib\site-packages\rest_framework\views.py", line 486, in raise_uncaught_exception
    raise exc
  File "C:\Users\pc\Projects\BABYSHOP\OneStep_BabyShop\venv\Lib\site-packages\rest_framework\views.py", line 512, in dispatch
    response = handler(request, *args, **kwargs)
  File "C:\Users\pc\Projects\BABYSHOP\OneStep_BabyShop\venv\Lib\site-packages\rest_framework\generics.py", line 212, in get
    return self.retrieve(request, *args, **kwargs)
           ~~~~~~~~~~~~~^^^^^^^^^^^^^^^^^^^^^^^^^^
  File "C:\Users\pc\Projects\BABYSHOP\OneStep_BabyShop\products\views.py", line 167, in retrieve
    RecentlyViewed.objects.update_or_create(
    ~~~~~~~~~~~~~~~~~~~~~~~~~~~~~~~~~~~~~~~^
        user=request.user,
        ^^^^^^^^^^^^^^^^^^
        product=product,
        ^^^^^^^^^^^^^^^^
        default={'viewed_at':timezone.now()}
        ^^^^^^^^^^^^^^^^^^^^^^^^^^^^^^^^^^^^
    )
    ^
  File "C:\Users\pc\Projects\BABYSHOP\OneStep_BabyShop\venv\Lib\site-packages\django\db\models\manager.py", line 87, in manager_method
    return getattr(self.get_queryset(), name)(*args, **kwargs)
           ~~~~~~~~~~~~~~~~~~~~~~~~~~~~~~~~~~^^^^^^^^^^^^^^^^^
  File "C:\Users\pc\Projects\BABYSHOP\OneStep_BabyShop\venv\Lib\site-packages\django\db\models\query.py", line 1029, in update_or_create
    obj, created = self.select_for_update().get_or_create(
                   ~~~~~~~~~~~~~~~~~~~~~~~~~~~~~~~~~~~~~~^
        create_defaults, **kwargs
        ^^^^^^^^^^^^^^^^^^^^^^^^^
    )
    ^
  File "C:\Users\pc\Projects\BABYSHOP\OneStep_BabyShop\venv\Lib\site-packages\django\db\models\query.py", line 987, in get_or_create
    return self.get(**kwargs), False
           ~~~~~~~~^^^^^^^^^^
  File "C:\Users\pc\Projects\BABYSHOP\OneStep_BabyShop\venv\Lib\site-packages\django\db\models\query.py", line 625, in get
    clone = self._chain() if self.query.combinator else self.filter(*args, **kwargs)
                                                        ~~~~~~~~~~~^^^^^^^^^^^^^^^^^
  File "C:\Users\pc\Projects\BABYSHOP\OneStep_BabyShop\venv\Lib\site-packages\django\db\models\query.py", line 1542, in filter
    return self._filter_or_exclude(False, args, kwargs)
           ~~~~~~~~~~~~~~~~~~~~~~~^^^^^^^^^^^^^^^^^^^^^
  File "C:\Users\pc\Projects\BABYSHOP\OneStep_BabyShop\venv\Lib\site-packages\django\db\models\query.py", line 1560, in _filter_or_exclude
    clone._filter_or_exclude_inplace(negate, args, kwargs)
    ~~~~~~~~~~~~~~~~~~~~~~~~~~~~~~~~^^^^^^^^^^^^^^^^^^^^^^
  File "C:\Users\pc\Projects\BABYSHOP\OneStep_BabyShop\venv\Lib\site-packages\django\db\models\query.py", line 1570, in _filter_or_exclude_inplace
    self._query.add_q(Q(*args, **kwargs))
    ~~~~~~~~~~~~~~~~~^^^^^^^^^^^^^^^^^^^^
  File "C:\Users\pc\Projects\BABYSHOP\OneStep_BabyShop\venv\Lib\site-packages\django\db\models\sql\query.py", line 1671, in add_q
    clause, _ = self._add_q(q_object, can_reuse)
                ~~~~~~~~~~~^^^^^^^^^^^^^^^^^^^^^
  File "C:\Users\pc\Projects\BABYSHOP\OneStep_BabyShop\venv\Lib\site-packages\django\db\models\sql\query.py", line 1703, in _add_q
    child_clause, needed_inner = self.build_filter(
                                 ~~~~~~~~~~~~~~~~~^
        child,
        ^^^^^^
    ...<7 lines>...
        update_join_types=update_join_types,
        ^^^^^^^^^^^^^^^^^^^^^^^^^^^^^^^^^^^^
    )
    ^
  File "C:\Users\pc\Projects\BABYSHOP\OneStep_BabyShop\venv\Lib\site-packages\django\db\models\sql\query.py", line 1551, in build_filter
    lookups, parts, reffed_expression = self.solve_lookup_type(arg, summarize)
                                        ~~~~~~~~~~~~~~~~~~~~~~^^^^^^^^^^^^^^^^
  File "C:\Users\pc\Projects\BABYSHOP\OneStep_BabyShop\venv\Lib\site-packages\django\db\models\sql\query.py", line 1358, in solve_lookup_type
    _, field, _, lookup_parts = self.names_to_path(lookup_splitted, self.get_meta())
                                ~~~~~~~~~~~~~~~~~~^^^^^^^^^^^^^^^^^^^^^^^^^^^^^^^^^^
  File "C:\Users\pc\Projects\BABYSHOP\OneStep_BabyShop\venv\Lib\site-packages\django\db\models\sql\query.py", line 1832, in names_to_path
    raise FieldError(
    ...<2 lines>...
    )
django.core.exceptions.FieldError: Cannot resolve keyword 'default' into field. Choices are: id, product, product_id, user, user_id, viewed_at
C:\Users\pc\Projects\BABYSHOP\OneStep_BabyShop\products\views.py changed, reloading.
Watching for file changes with StatReloader
Unauthorized: /api/v1/products/baby-romper-with-hat-set/
Method Not Allowed: /api/v1/recently-viewed/clear/
Method Not Allowed: /api/v1/recently-viewed/clear/
Method Not Allowed: /api/v1/recently-viewed/clear/
C:\Users\pc\Projects\BABYSHOP\OneStep_BabyShop\users\serializers.py changed, reloading.
Watching for file changes with StatReloader
C:\Users\pc\Projects\BABYSHOP\OneStep_BabyShop\users\serializers.py changed, reloading.
Watching for file changes with StatReloader
C:\Users\pc\Projects\BABYSHOP\OneStep_BabyShop\users\models.py changed, reloading.
Watching for file changes with StatReloader
C:\Users\pc\Projects\BABYSHOP\OneStep_BabyShop\users\models.py changed, reloading.
Watching for file changes with StatReloader
C:\Users\pc\Projects\BABYSHOP\OneStep_BabyShop\users\models.py changed, reloading.
Watching for file changes with StatReloader
